Traceback (most recent call last):
  File "/Users/joreilly/opt/anaconda3/lib/python3.9/site-packages/jupyter_cache/executors/utils.py", line 58, in single_nb_execution
    executenb(
  File "/Users/joreilly/opt/anaconda3/lib/python3.9/site-packages/nbclient/client.py", line 1204, in execute
    return NotebookClient(nb=nb, resources=resources, km=km, **kwargs).execute()
  File "/Users/joreilly/opt/anaconda3/lib/python3.9/site-packages/nbclient/util.py", line 84, in wrapped
    return just_run(coro(*args, **kwargs))
  File "/Users/joreilly/opt/anaconda3/lib/python3.9/site-packages/nbclient/util.py", line 62, in just_run
    return loop.run_until_complete(coro)
  File "/Users/joreilly/opt/anaconda3/lib/python3.9/asyncio/base_events.py", line 647, in run_until_complete
    return future.result()
  File "/Users/joreilly/opt/anaconda3/lib/python3.9/site-packages/nbclient/client.py", line 663, in async_execute
    await self.async_execute_cell(
  File "/Users/joreilly/opt/anaconda3/lib/python3.9/site-packages/nbclient/client.py", line 965, in async_execute_cell
    await self._check_raise_for_error(cell, cell_index, exec_reply)
  File "/Users/joreilly/opt/anaconda3/lib/python3.9/site-packages/nbclient/client.py", line 862, in _check_raise_for_error
    raise CellExecutionError.from_cell_and_msg(cell, exec_reply_content)
nbclient.exceptions.CellExecutionError: An error occurred while executing the following cell:
------------------
def dMeans(a,y):
    return np.mean(x)-np.mean(y)
    
stats.permutation_test((clouds[clouds['status']=='Seeded']['rainfall'],
                       clouds[clouds['status']=='Unseeded']['rainfall']),
                       dMeans,
                       permutation_type='independent', alternative='greater')


------------------

[0;31m---------------------------------------------------------------------------[0m
[0;31mNameError[0m                                 Traceback (most recent call last)
Cell [0;32mIn[9], line 4[0m
[1;32m      1[0m [38;5;28;01mdef[39;00m [38;5;21mdMeans[39m(a,y):
[1;32m      2[0m     [38;5;28;01mreturn[39;00m np[38;5;241m.[39mmean(x)[38;5;241m-[39mnp[38;5;241m.[39mmean(y)
[0;32m----> 4[0m [43mstats[49m[38;5;241;43m.[39;49m[43mpermutation_test[49m[43m([49m[43m([49m[43mclouds[49m[43m[[49m[43mclouds[49m[43m[[49m[38;5;124;43m'[39;49m[38;5;124;43mstatus[39;49m[38;5;124;43m'[39;49m[43m][49m[38;5;241;43m==[39;49m[38;5;124;43m'[39;49m[38;5;124;43mSeeded[39;49m[38;5;124;43m'[39;49m[43m][49m[43m[[49m[38;5;124;43m'[39;49m[38;5;124;43mrainfall[39;49m[38;5;124;43m'[39;49m[43m][49m[43m,[49m
[1;32m      5[0m [43m                       [49m[43mclouds[49m[43m[[49m[43mclouds[49m[43m[[49m[38;5;124;43m'[39;49m[38;5;124;43mstatus[39;49m[38;5;124;43m'[39;49m[43m][49m[38;5;241;43m==[39;49m[38;5;124;43m'[39;49m[38;5;124;43mUnseeded[39;49m[38;5;124;43m'[39;49m[43m][49m[43m[[49m[38;5;124;43m'[39;49m[38;5;124;43mrainfall[39;49m[38;5;124;43m'[39;49m[43m][49m[43m)[49m[43m,[49m
[1;32m      6[0m [43m                       [49m[43mdMeans[49m[43m,[49m
[1;32m      7[0m [43m                       [49m[43mpermutation_type[49m[38;5;241;43m=[39;49m[38;5;124;43m'[39;49m[38;5;124;43mindependent[39;49m[38;5;124;43m'[39;49m[43m,[49m[43m [49m[43malternative[49m[38;5;241;43m=[39;49m[38;5;124;43m'[39;49m[38;5;124;43mgreater[39;49m[38;5;124;43m'[39;49m[43m)[49m

File [0;32m~/opt/anaconda3/lib/python3.9/site-packages/scipy/stats/_resampling.py:1665[0m, in [0;36mpermutation_test[0;34m(data, statistic, permutation_type, vectorized, n_resamples, batch, alternative, axis, random_state)[0m
[1;32m   1659[0m args [38;5;241m=[39m _permutation_test_iv(data, statistic, permutation_type, vectorized,
[1;32m   1660[0m                             n_resamples, batch, alternative, axis,
[1;32m   1661[0m                             random_state)
[1;32m   1662[0m (data, statistic, permutation_type, vectorized, n_resamples, batch,
[1;32m   1663[0m  alternative, axis, random_state) [38;5;241m=[39m args
[0;32m-> 1665[0m observed [38;5;241m=[39m [43mstatistic[49m[43m([49m[38;5;241;43m*[39;49m[43mdata[49m[43m,[49m[43m [49m[43maxis[49m[38;5;241;43m=[39;49m[38;5;241;43m-[39;49m[38;5;241;43m1[39;49m[43m)[49m
[1;32m   1667[0m null_calculators [38;5;241m=[39m {[38;5;124m"[39m[38;5;124mpairings[39m[38;5;124m"[39m: _calculate_null_pairings,
[1;32m   1668[0m                     [38;5;124m"[39m[38;5;124msamples[39m[38;5;124m"[39m: _calculate_null_samples,
[1;32m   1669[0m                     [38;5;124m"[39m[38;5;124mindependent[39m[38;5;124m"[39m: _calculate_null_both}
[1;32m   1670[0m null_calculator_args [38;5;241m=[39m (data, statistic, n_resamples,
[1;32m   1671[0m                         batch, random_state)

File [0;32m~/opt/anaconda3/lib/python3.9/site-packages/scipy/stats/_resampling.py:38[0m, in [0;36m_vectorize_statistic.<locals>.stat_nd[0;34m(axis, *data)[0m
[1;32m     35[0m     data [38;5;241m=[39m np[38;5;241m.[39msplit(z, split_indices)
[1;32m     36[0m     [38;5;28;01mreturn[39;00m statistic([38;5;241m*[39mdata)
[0;32m---> 38[0m [38;5;28;01mreturn[39;00m [43mnp[49m[38;5;241;43m.[39;49m[43mapply_along_axis[49m[43m([49m[43mstat_1d[49m[43m,[49m[43m [49m[38;5;241;43m0[39;49m[43m,[49m[43m [49m[43mz[49m[43m)[49m[()]

File [0;32m<__array_function__ internals>:200[0m, in [0;36mapply_along_axis[0;34m(*args, **kwargs)[0m

File [0;32m~/opt/anaconda3/lib/python3.9/site-packages/numpy/lib/shape_base.py:379[0m, in [0;36mapply_along_axis[0;34m(func1d, axis, arr, *args, **kwargs)[0m
[1;32m    375[0m [38;5;28;01mexcept[39;00m [38;5;167;01mStopIteration[39;00m [38;5;28;01mas[39;00m e:
[1;32m    376[0m     [38;5;28;01mraise[39;00m [38;5;167;01mValueError[39;00m(
[1;32m    377[0m         [38;5;124m'[39m[38;5;124mCannot apply_along_axis when any iteration dimensions are 0[39m[38;5;124m'[39m
[1;32m    378[0m     ) [38;5;28;01mfrom[39;00m [38;5;28;01mNone[39;00m
[0;32m--> 379[0m res [38;5;241m=[39m asanyarray([43mfunc1d[49m[43m([49m[43minarr_view[49m[43m[[49m[43mind0[49m[43m][49m[43m,[49m[43m [49m[38;5;241;43m*[39;49m[43margs[49m[43m,[49m[43m [49m[38;5;241;43m*[39;49m[38;5;241;43m*[39;49m[43mkwargs[49m[43m)[49m)
[1;32m    381[0m [38;5;66;03m# build a buffer for storing evaluations of func1d.[39;00m
[1;32m    382[0m [38;5;66;03m# remove the requested axis, and add the new ones on the end.[39;00m
[1;32m    383[0m [38;5;66;03m# laid out so that each write is contiguous.[39;00m
[1;32m    384[0m [38;5;66;03m# for a tuple index inds, buff[inds] = func1d(inarr_view[inds])[39;00m
[1;32m    385[0m buff [38;5;241m=[39m zeros(inarr_view[38;5;241m.[39mshape[:[38;5;241m-[39m[38;5;241m1[39m] [38;5;241m+[39m res[38;5;241m.[39mshape, res[38;5;241m.[39mdtype)

File [0;32m~/opt/anaconda3/lib/python3.9/site-packages/scipy/stats/_resampling.py:36[0m, in [0;36m_vectorize_statistic.<locals>.stat_nd.<locals>.stat_1d[0;34m(z)[0m
[1;32m     34[0m [38;5;28;01mdef[39;00m [38;5;21mstat_1d[39m(z):
[1;32m     35[0m     data [38;5;241m=[39m np[38;5;241m.[39msplit(z, split_indices)
[0;32m---> 36[0m     [38;5;28;01mreturn[39;00m [43mstatistic[49m[43m([49m[38;5;241;43m*[39;49m[43mdata[49m[43m)[49m

Cell [0;32mIn[9], line 2[0m, in [0;36mdMeans[0;34m(a, y)[0m
[1;32m      1[0m [38;5;28;01mdef[39;00m [38;5;21mdMeans[39m(a,y):
[0;32m----> 2[0m     [38;5;28;01mreturn[39;00m np[38;5;241m.[39mmean([43mx[49m)[38;5;241m-[39mnp[38;5;241m.[39mmean(y)

[0;31mNameError[0m: name 'x' is not defined
NameError: name 'x' is not defined

